2020-12-04 18:19:44,661  INFO [TestNG-tests-1] MediaPageStepsDefinition:40 - The user has logged in http://qa-publisher-portal.rmp.rakuten.com/login as admin
2020-12-04 18:19:47,742  INFO [TestNG-tests-1] MediaPageStepsDefinition:47 - User click Dashboard navigation option in main menu :true
2020-12-04 18:19:47,860  INFO [TestNG-tests-1] MediaPageStepsDefinition:93 - Select different date range in past period
2020-12-04 18:19:53,007  INFO [TestNG-tests-1] MediaPageStepsDefinition:70 - Data is displayed in all six graphs
2020-12-04 18:19:54,089 DEBUG [main] cache:44 - Couldn't find template in cache for "index.ftl"("en", UTF-8, parsed); will try to load it.
2020-12-04 18:19:54,094 DEBUG [main] cache:44 - TemplateLoader.findTemplateSource("index_en.ftl"): Not found
2020-12-04 18:19:54,097 DEBUG [main] cache:44 - TemplateLoader.findTemplateSource("index.ftl"): Found
2020-12-04 18:19:54,098 DEBUG [main] cache:44 - Loading template for "index.ftl"("en", UTF-8, parsed) from "jar:file:/Users/ts-anton.panciuc/.m2/repository/com/aventstack/extentreports/3.1.5/extentreports-3.1.5.jar!/com/aventstack/extentreports/view/html-report/index.ftl"
2020-12-04 18:19:54,251 DEBUG [main] cache:44 - Couldn't find template in cache for "head.ftl"("en", UTF-8, parsed); will try to load it.
2020-12-04 18:19:54,252 DEBUG [main] cache:44 - TemplateLoader.findTemplateSource("head_en.ftl"): Not found
2020-12-04 18:19:54,252 DEBUG [main] cache:44 - TemplateLoader.findTemplateSource("head.ftl"): Found
2020-12-04 18:19:54,252 DEBUG [main] cache:44 - Loading template for "head.ftl"("en", UTF-8, parsed) from "jar:file:/Users/ts-anton.panciuc/.m2/repository/com/aventstack/extentreports/3.1.5/extentreports-3.1.5.jar!/com/aventstack/extentreports/view/html-report/head.ftl"
2020-12-04 18:19:54,265 DEBUG [main] cache:44 - Couldn't find template in cache for "nav.ftl"("en", UTF-8, parsed); will try to load it.
2020-12-04 18:19:54,265 DEBUG [main] cache:44 - TemplateLoader.findTemplateSource("nav_en.ftl"): Not found
2020-12-04 18:19:54,266 DEBUG [main] cache:44 - TemplateLoader.findTemplateSource("nav.ftl"): Found
2020-12-04 18:19:54,266 DEBUG [main] cache:44 - Loading template for "nav.ftl"("en", UTF-8, parsed) from "jar:file:/Users/ts-anton.panciuc/.m2/repository/com/aventstack/extentreports/3.1.5/extentreports-3.1.5.jar!/com/aventstack/extentreports/view/html-report/nav.ftl"
2020-12-04 18:19:54,272 DEBUG [main] cache:44 - Couldn't find template in cache for "test-view/test-view.ftl"("en", UTF-8, parsed); will try to load it.
2020-12-04 18:19:54,272 DEBUG [main] cache:44 - TemplateLoader.findTemplateSource("test-view/test-view_en.ftl"): Not found
2020-12-04 18:19:54,273 DEBUG [main] cache:44 - TemplateLoader.findTemplateSource("test-view/test-view.ftl"): Found
2020-12-04 18:19:54,273 DEBUG [main] cache:44 - Loading template for "test-view/test-view.ftl"("en", UTF-8, parsed) from "jar:file:/Users/ts-anton.panciuc/.m2/repository/com/aventstack/extentreports/3.1.5/extentreports-3.1.5.jar!/com/aventstack/extentreports/view/html-report/test-view/test-view.ftl"
2020-12-04 18:19:54,282 DEBUG [main] cache:44 - Couldn't find template in cache for "test-view/test-view-charts.ftl"("en", UTF-8, parsed); will try to load it.
2020-12-04 18:19:54,282 DEBUG [main] cache:44 - TemplateLoader.findTemplateSource("test-view/test-view-charts_en.ftl"): Not found
2020-12-04 18:19:54,283 DEBUG [main] cache:44 - TemplateLoader.findTemplateSource("test-view/test-view-charts.ftl"): Found
2020-12-04 18:19:54,283 DEBUG [main] cache:44 - Loading template for "test-view/test-view-charts.ftl"("en", UTF-8, parsed) from "jar:file:/Users/ts-anton.panciuc/.m2/repository/com/aventstack/extentreports/3.1.5/extentreports-3.1.5.jar!/com/aventstack/extentreports/view/html-report/test-view/test-view-charts.ftl"
2020-12-04 18:19:54,292 DEBUG [main] cache:44 - Couldn't find template in cache for "test-view/bdd.ftl"("en", UTF-8, parsed); will try to load it.
2020-12-04 18:19:54,293 DEBUG [main] cache:44 - TemplateLoader.findTemplateSource("test-view/bdd_en.ftl"): Not found
2020-12-04 18:19:54,293 DEBUG [main] cache:44 - TemplateLoader.findTemplateSource("test-view/bdd.ftl"): Found
2020-12-04 18:19:54,294 DEBUG [main] cache:44 - Loading template for "test-view/bdd.ftl"("en", UTF-8, parsed) from "jar:file:/Users/ts-anton.panciuc/.m2/repository/com/aventstack/extentreports/3.1.5/extentreports-3.1.5.jar!/com/aventstack/extentreports/view/html-report/test-view/bdd.ftl"
2020-12-04 18:19:54,311 DEBUG [main] cache:44 - Couldn't find template in cache for "category-view/category-view.ftl"("en", UTF-8, parsed); will try to load it.
2020-12-04 18:19:54,312 DEBUG [main] cache:44 - TemplateLoader.findTemplateSource("category-view/category-view_en.ftl"): Not found
2020-12-04 18:19:54,312 DEBUG [main] cache:44 - TemplateLoader.findTemplateSource("category-view/category-view.ftl"): Found
2020-12-04 18:19:54,312 DEBUG [main] cache:44 - Loading template for "category-view/category-view.ftl"("en", UTF-8, parsed) from "jar:file:/Users/ts-anton.panciuc/.m2/repository/com/aventstack/extentreports/3.1.5/extentreports-3.1.5.jar!/com/aventstack/extentreports/view/html-report/category-view/category-view.ftl"
2020-12-04 18:19:54,315 DEBUG [main] cache:44 - Couldn't find template in cache for "author-view/author-view.ftl"("en", UTF-8, parsed); will try to load it.
2020-12-04 18:19:54,315 DEBUG [main] cache:44 - TemplateLoader.findTemplateSource("author-view/author-view_en.ftl"): Not found
2020-12-04 18:19:54,316 DEBUG [main] cache:44 - TemplateLoader.findTemplateSource("author-view/author-view.ftl"): Found
2020-12-04 18:19:54,316 DEBUG [main] cache:44 - Loading template for "author-view/author-view.ftl"("en", UTF-8, parsed) from "jar:file:/Users/ts-anton.panciuc/.m2/repository/com/aventstack/extentreports/3.1.5/extentreports-3.1.5.jar!/com/aventstack/extentreports/view/html-report/author-view/author-view.ftl"
2020-12-04 18:19:54,319 DEBUG [main] cache:44 - Couldn't find template in cache for "exception-view/exception-view.ftl"("en", UTF-8, parsed); will try to load it.
2020-12-04 18:19:54,319 DEBUG [main] cache:44 - TemplateLoader.findTemplateSource("exception-view/exception-view_en.ftl"): Not found
2020-12-04 18:19:54,319 DEBUG [main] cache:44 - TemplateLoader.findTemplateSource("exception-view/exception-view.ftl"): Found
2020-12-04 18:19:54,320 DEBUG [main] cache:44 - Loading template for "exception-view/exception-view.ftl"("en", UTF-8, parsed) from "jar:file:/Users/ts-anton.panciuc/.m2/repository/com/aventstack/extentreports/3.1.5/extentreports-3.1.5.jar!/com/aventstack/extentreports/view/html-report/exception-view/exception-view.ftl"
2020-12-04 18:19:54,322 DEBUG [main] cache:44 - Couldn't find template in cache for "dashboard-view/dashboard-view.ftl"("en", UTF-8, parsed); will try to load it.
2020-12-04 18:19:54,322 DEBUG [main] cache:44 - TemplateLoader.findTemplateSource("dashboard-view/dashboard-view_en.ftl"): Not found
2020-12-04 18:19:54,323 DEBUG [main] cache:44 - TemplateLoader.findTemplateSource("dashboard-view/dashboard-view.ftl"): Found
2020-12-04 18:19:54,323 DEBUG [main] cache:44 - Loading template for "dashboard-view/dashboard-view.ftl"("en", UTF-8, parsed) from "jar:file:/Users/ts-anton.panciuc/.m2/repository/com/aventstack/extentreports/3.1.5/extentreports-3.1.5.jar!/com/aventstack/extentreports/view/html-report/dashboard-view/dashboard-view.ftl"
2020-12-04 18:19:54,327 DEBUG [main] cache:44 - Couldn't find template in cache for "logs-view/testrunner-logs-view.ftl"("en", UTF-8, parsed); will try to load it.
2020-12-04 18:19:54,328 DEBUG [main] cache:44 - TemplateLoader.findTemplateSource("logs-view/testrunner-logs-view_en.ftl"): Not found
2020-12-04 18:19:54,328 DEBUG [main] cache:44 - TemplateLoader.findTemplateSource("logs-view/testrunner-logs-view.ftl"): Found
2020-12-04 18:19:54,328 DEBUG [main] cache:44 - Loading template for "logs-view/testrunner-logs-view.ftl"("en", UTF-8, parsed) from "jar:file:/Users/ts-anton.panciuc/.m2/repository/com/aventstack/extentreports/3.1.5/extentreports-3.1.5.jar!/com/aventstack/extentreports/view/html-report/logs-view/testrunner-logs-view.ftl"
